# vsim -c "+nowarnTSCALE" -L ./work -novopt -l load.log tb_simplified_sha256 
# Start time: 16:28:08 on Apr 09,2024
# ** Warning: (vsim-8891) All optimizations are turned off because the -novopt switch is in effect. This will cause your simulation to run very slowly. If you are using this switch to preserve visibility for Debug or PLI features please see the User's Manual section on Preserving Object Visibility with vopt.
# 
# Refreshing D:/project/sha-256/SHA-256-Bitcoin-Hash/sha/184_192/work.tb_simplified_sha256
# Loading sv_std.std
# Loading work.tb_simplified_sha256
# Refreshing D:/project/sha-256/SHA-256-Bitcoin-Hash/sha/184_192/work.simplified_sha256
# Loading work.simplified_sha256
# hexadecimal
# --------
# MESSAGE:
# --------
# 01234567
# 02468ace
# 048d159c
# 091a2b38
# 12345670
# 2468ace0
# 48d159c0
# 91a2b380
# 23456701
# 468ace02
# 8d159c04
# 1a2b3809
# 34567012
# 68ace024
# d159c048
# a2b38091
# 45670123
# 8ace0246
# 159c048d
# 00000000
# ***************************
# 
# ---------------------
# COMPARE HASH RESULTS:
# ---------------------
# Correct H[0] = bdd2fbd9	Your H[0] = bdd2fbd9
# Correct H[1] = 42623974	Your H[1] = 42623974
# Correct H[2] = bf129635	Your H[2] = bf129635
# Correct H[3] = 937c5107	Your H[3] = 937c5107
# Correct H[4] = f09b6e9e	Your H[4] = f09b6e9e
# Correct H[5] = 708eb28b	Your H[5] = 708eb28b
# Correct H[6] = 0318d121	Your H[6] = 0318d121
# Correct H[7] = 85eca921	Your H[7] = 85eca921
# ***************************
# 
# CONGRATULATIONS! All your hash results are correct!
# 
# Total number of cycles:         192
# 
# 
# ***************************
# 
add wave -position insertpoint  \
sim:/tb_simplified_sha256/NUM_OF_WORDS \
sim:/tb_simplified_sha256/SIZE \
sim:/tb_simplified_sha256/k \
sim:/tb_simplified_sha256/clk \
sim:/tb_simplified_sha256/reset_n \
sim:/tb_simplified_sha256/start \
sim:/tb_simplified_sha256/message_addr \
sim:/tb_simplified_sha256/output_addr \
sim:/tb_simplified_sha256/done \
sim:/tb_simplified_sha256/mem_clk \
sim:/tb_simplified_sha256/mem_we \
sim:/tb_simplified_sha256/mem_addr \
sim:/tb_simplified_sha256/mem_write_data \
sim:/tb_simplified_sha256/mem_read_data \
sim:/tb_simplified_sha256/dpsram \
sim:/tb_simplified_sha256/dpsram_tb \
sim:/tb_simplified_sha256/message_seed \
sim:/tb_simplified_sha256/h0 \
sim:/tb_simplified_sha256/h1 \
sim:/tb_simplified_sha256/h2 \
sim:/tb_simplified_sha256/h3 \
sim:/tb_simplified_sha256/h4 \
sim:/tb_simplified_sha256/h5 \
sim:/tb_simplified_sha256/h6 \
sim:/tb_simplified_sha256/h7 \
sim:/tb_simplified_sha256/a \
sim:/tb_simplified_sha256/b \
sim:/tb_simplified_sha256/c \
sim:/tb_simplified_sha256/d \
sim:/tb_simplified_sha256/e \
sim:/tb_simplified_sha256/f \
sim:/tb_simplified_sha256/g \
sim:/tb_simplified_sha256/h \
sim:/tb_simplified_sha256/hh \
sim:/tb_simplified_sha256/s1 \
sim:/tb_simplified_sha256/s0 \
sim:/tb_simplified_sha256/w \
sim:/tb_simplified_sha256/num_errors \
sim:/tb_simplified_sha256/cycles \
sim:/tb_simplified_sha256/m \
sim:/tb_simplified_sha256/n \
sim:/tb_simplified_sha256/t
# (vish-4014) No objects found matching '/tb_simplified_sha256/k'.
# (vsim-4077) Logging very large object: /tb_simplified_sha256/dpsram 
# (vsim-4077) Logging very large object: /tb_simplified_sha256/dpsram_tb 
# Can't move the Now cursor.
# A time value could not be extracted from the current line
